<?xml version="1.0" encoding="UTF-8"?>
<!-- Generated by org.testng.reporters.JUnitReportReporter -->
<testsuite hostname="DESKTOP-E3N85P3" failures="0" tests="4" name="test_1.test_6" time="0.031" errors="0" timestamp="2022-08-16T14:20:49 IST" skipped="0">
  <testcase classname="test_1.test_6" name="test_A" time="0.017"/>
  <system-out/>
  <testcase classname="test_1.test_6" name="test_C" time="0.004"/>
  <system-out/>
  <testcase classname="test_1.test_6" name="test_B" time="0.003"/>
  <system-out/>
  <testcase classname="test_1.test_6" name="test_D" time="0.007"/>
  <system-out/>
</testsuite> <!-- test_1.test_6 -->
