<?xml version="1.0" encoding="UTF-8"?>
<!-- Generated by org.testng.reporters.JUnitReportReporter -->
<testsuite hostname="DESKTOP-E3N85P3" failures="0" tests="3" name="test_1.test_2" time="0.034" errors="0" timestamp="2022-08-13T09:29:59 IST" skipped="0">
  <testcase classname="test_1.test_2" name="Test_3" time="0.012"/>
  <system-out/>
  <testcase classname="test_1.test_2" name="Test_2" time="0.011"/>
  <system-out/>
  <testcase classname="test_1.test_2" name="Test_1" time="0.011"/>
  <system-out/>
</testsuite> <!-- test_1.test_2 -->
