<?xml version="1.0" encoding="UTF-8"?>
<!-- Generated by org.testng.reporters.JUnitReportReporter -->
<testsuite hostname="DESKTOP-E3N85P3" failures="0" tests="3" name="test_1.test_5" time="0.012" errors="0" timestamp="2022-08-13T09:54:11 IST" skipped="0">
  <testcase classname="test_1.test_5" name="username_test" time="0.002"/>
  <system-out/>
  <testcase classname="test_1.test_5" name="pass_test" time="0.003"/>
  <system-out/>
  <testcase classname="test_1.test_5" name="login_btn" time="0.007"/>
  <system-out/>
</testsuite> <!-- test_1.test_5 -->
