<?xml version="1.0" encoding="UTF-8"?>
<!-- Generated by org.testng.reporters.JUnitReportReporter -->
<testsuite hostname="DESKTOP-E3N85P3" failures="0" tests="3" name="test_1.test_4" time="46.909" errors="0" timestamp="2022-08-13T09:54:11 IST" skipped="0">
  <testcase classname="test_1.test_4" name="pass_test" time="7.616"/>
  <system-out/>
  <testcase classname="test_1.test_4" name="username_test" time="11.701"/>
  <system-out/>
  <testcase classname="test_1.test_4" name="login_click" time="27.592"/>
  <system-out/>
</testsuite> <!-- test_1.test_4 -->
