<?xml version="1.0" encoding="UTF-8"?>
<!-- Generated by org.testng.reporters.JUnitReportReporter -->
<testsuite hostname="DESKTOP-E3N85P3" failures="0" tests="3" name="test_1.test_demo_1" time="0.026" errors="0" timestamp="2022-08-12T06:00:36 GMT-04:00" skipped="0">
  <testcase classname="test_1.test_demo_1" name="test_tc_002_b" time="0.002"/>
  <system-out/>
  <testcase classname="test_1.test_demo_1" name="test_tc_003_c" time="0.003"/>
  <system-out/>
  <testcase classname="test_1.test_demo_1" name="test_tc_001_a" time="0.021"/>
  <system-out/>
</testsuite> <!-- test_1.test_demo_1 -->
