<?xml version="1.0" encoding="UTF-8"?>
<!-- Generated by org.testng.reporters.JUnitReportReporter -->
<testsuite hostname="DESKTOP-E3N85P3" failures="0" tests="5" name="test_1.test_5_1" time="0.018" errors="0" timestamp="2022-08-13T09:54:11 IST" skipped="1">
  <testcase classname="test_1.test_5_1" name="username_test" time="0.002"/>
  <system-out/>
  <testcase classname="test_1.test_5_1" name="username_test" time="0.006"/>
  <system-out/>
  <testcase classname="test_1.test_5_1" name="username_test" time="0.005"/>
  <system-out/>
  <testcase classname="test_1.test_5_1" name="pass_test" time="0.005"/>
  <system-out/>
  <testcase classname="test_1.test_5_1" name="login_btn">
    <skipped/>
  </testcase> <!-- login_btn -->
  <system-out/>
</testsuite> <!-- test_1.test_5_1 -->
