<?xml version="1.0" encoding="UTF-8"?>
<!-- Generated by org.testng.reporters.JUnitReportReporter -->
<testsuite hostname="DESKTOP-E3N85P3" failures="0" tests="5" name="test_3.test_1" time="68.097" errors="0" timestamp="2022-08-17T10:38:44 IST" skipped="0">
  <testcase classname="test_3.test_1" name="test2" time="10.728"/>
  <system-out/>
  <testcase classname="test_3.test_1" name="test3" time="19.083"/>
  <system-out/>
  <testcase classname="test_3.test_1" name="test2" time="12.344"/>
  <system-out/>
  <testcase classname="test_3.test_1" name="test1" time="17.330"/>
  <system-out/>
  <testcase classname="test_3.test_1" name="test3" time="8.612"/>
  <system-out/>
</testsuite> <!-- test_3.test_1 -->
